<?xml version="1.0" encoding="UTF-8"?>
<testng-results ignored="0" total="2" passed="2" failed="0" skipped="0">
  <reporter-output>
  </reporter-output>
  <suite started-at="2025-08-17T19:00:06 IST" name="Suite" finished-at="2025-08-17T19:00:21 IST" duration-ms="15128">
    <groups>
    </groups>
    <test started-at="2025-08-17T19:00:06 IST" name="Test" finished-at="2025-08-17T19:00:21 IST" duration-ms="15128">
      <class name="register.TC_RF_001">
        <test-method signature="verifyRegisteringAccount()[pri:0, instance:register.TC_RF_001@5677323c]" started-at="2025-08-17T19:00:06 IST" name="verifyRegisteringAccount" finished-at="2025-08-17T19:00:13 IST" duration-ms="7774" status="PASS">
          <reporter-output>
          </reporter-output>
        </test-method> <!-- verifyRegisteringAccount -->
      </class> <!-- register.TC_RF_001 -->
      <class name="register.TC_RF_003">
        <test-method signature="verifyRegisteringAccount()[pri:0, instance:register.TC_RF_003@6574a52c]" started-at="2025-08-17T19:00:13 IST" name="verifyRegisteringAccount" finished-at="2025-08-17T19:00:21 IST" duration-ms="7303" status="PASS">
          <reporter-output>
          </reporter-output>
        </test-method> <!-- verifyRegisteringAccount -->
      </class> <!-- register.TC_RF_003 -->
    </test> <!-- Test -->
  </suite> <!-- Suite -->
</testng-results>
