<?xml version="1.0" encoding="UTF-8"?>
<testng-results ignored="0" total="1" passed="1" failed="0" skipped="0">
  <reporter-output>
  </reporter-output>
  <suite started-at="2025-09-04T20:30:30 IST" name="Default suite" finished-at="2025-09-04T20:30:37 IST" duration-ms="7225">
    <groups>
    </groups>
    <test started-at="2025-09-04T20:30:30 IST" name="Default test" finished-at="2025-09-04T20:30:37 IST" duration-ms="7225">
      <class name="register.TC_RF_005">
        <test-method signature="verifyRegisteringAccountBySubscribingToNewsletter()[pri:0, instance:register.TC_RF_005@537f60bf]" started-at="2025-09-04T20:30:30 IST" name="verifyRegisteringAccountBySubscribingToNewsletter" finished-at="2025-09-04T20:30:37 IST" duration-ms="7192" status="PASS">
          <reporter-output>
          </reporter-output>
        </test-method> <!-- verifyRegisteringAccountBySubscribingToNewsletter -->
      </class> <!-- register.TC_RF_005 -->
    </test> <!-- Default test -->
  </suite> <!-- Default suite -->
</testng-results>
